[debug] [2022-03-24T15:02:08.556Z] ----------------------------------------------------------------------
[debug] [2022-03-24T15:02:08.557Z] Command:       C:\Program Files\nodejs\node.exe C:\Users\datgu\AppData\Roaming\npm\node_modules\firebase-tools\lib\bin\firebase.js init
[debug] [2022-03-24T15:02:08.557Z] CLI Version:   10.2.1
[debug] [2022-03-24T15:02:08.557Z] Platform:      win32
[debug] [2022-03-24T15:02:08.557Z] Node Version:  v14.17.1
[debug] [2022-03-24T15:02:08.558Z] Time:          Thu Mar 24 2022 15:02:08 GMT+0000 (Greenwich Mean Time)
[debug] [2022-03-24T15:02:08.558Z] ----------------------------------------------------------------------
[debug] 
[debug] [2022-03-24T15:02:08.602Z] > command requires scopes: ["email","openid","https://www.googleapis.com/auth/cloudplatformprojects.readonly","https://www.googleapis.com/auth/firebase","https://www.googleapis.com/auth/cloud-platform"]
[debug] [2022-03-24T15:02:08.602Z] > authorizing via signed-in user (j.galminas@gmail.com)
[info] 
     ######## #### ########  ######## ########     ###     ######  ########
     ##        ##  ##     ## ##       ##     ##  ##   ##  ##       ##
     ######    ##  ########  ######   ########  #########  ######  ######
     ##        ##  ##    ##  ##       ##     ## ##     ##       ## ##
     ##       #### ##     ## ######## ########  ##     ##  ######  ########

You're about to initialize a Firebase project in this directory:

  C:\Users\datgu\Desktop\fbreact

Before we get started, keep in mind:

  * You are initializing within an existing Firebase project directory

